<?xml version="1.0" encoding="UTF-8"?>
<!-- Generated by org.testng.reporters.JUnitReportReporter -->
<testsuite skipped="0" hostname="DESKTOP-G072IJM" name="tests.GoogleSearchPassingTestClass" tests="1" failures="0" timestamp="18 Aug 2019 17:12:13 GMT" time="14.390" errors="0">
  <testcase name="searchForWebsitePassingTest" time="14.390" classname="tests.GoogleSearchPassingTestClass"/>
</testsuite> <!-- tests.GoogleSearchPassingTestClass -->
